SmartHome/build/outputs/logs/manifest-merger-debug-report.txt
-- Merging decision tree log ---
manifest
ADDED from SmartHome\AndroidManifest.xml:2:1-88:12
	package
		ADDED from SmartHome\AndroidManifest.xml:3:5-31
	android:versionName
		ADDED from SmartHome\AndroidManifest.xml:5:5-30
	android:versionCode
		ADDED from SmartHome\AndroidManifest.xml:4:5-28
		INJECTED from SmartHome\AndroidManifest.xml
		INJECTED from SmartHome\AndroidManifest.xml
	xmlns:android
		ADDED from SmartHome\AndroidManifest.xml:2:11-69
uses-sdk
ADDED from SmartHome\AndroidManifest.xml:7:5-9:41
MERGED from [studio:appcompat_v7:unspecified] AndroidManifest.xml:20:5-43
	android:targetSdkVersion
		ADDED from SmartHome\AndroidManifest.xml:9:9-38
	android:minSdkVersion
		ADDED from SmartHome\AndroidManifest.xml:8:9-34
uses-permission#android.permission.INTERNET
ADDED from SmartHome\AndroidManifest.xml:11:5-12:23
	android:name
		ADDED from SmartHome\AndroidManifest.xml:11:22-64
uses-permission#android.permission.ACCESS_NETWORK_STATE
ADDED from SmartHome\AndroidManifest.xml:13:5-14:23
	android:name
		ADDED from SmartHome\AndroidManifest.xml:13:22-76
uses-permission#android.permission.READ_PHONE_STATE
ADDED from SmartHome\AndroidManifest.xml:15:5-16:23
	android:name
		ADDED from SmartHome\AndroidManifest.xml:15:22-72
uses-permission#android.permission.ACCESS_WIFI_STATE
ADDED from SmartHome\AndroidManifest.xml:17:5-18:23
	android:name
		ADDED from SmartHome\AndroidManifest.xml:17:22-73
uses-permission#android.permission.WRITE_EXTERNAL_STORAGE
ADDED from SmartHome\AndroidManifest.xml:19:5-20:23
	android:name
		ADDED from SmartHome\AndroidManifest.xml:19:22-78
uses-permission#android.permission.CHANGE_WIFI_STATE
ADDED from SmartHome\AndroidManifest.xml:21:5-22:23
	android:name
		ADDED from SmartHome\AndroidManifest.xml:21:22-73
uses-permission#android.permission.GET_TASKS
ADDED from SmartHome\AndroidManifest.xml:23:5-68
	android:name
		ADDED from SmartHome\AndroidManifest.xml:23:22-65
application
ADDED from SmartHome\AndroidManifest.xml:25:5-86:19
MERGED from [studio:appcompat_v7:unspecified] AndroidManifest.xml:22:5-20
	android:label
		ADDED from SmartHome\AndroidManifest.xml:29:9-41
	android:allowBackup
		ADDED from SmartHome\AndroidManifest.xml:27:9-35
	android:icon
		ADDED from SmartHome\AndroidManifest.xml:28:9-45
	android:theme
		ADDED from SmartHome\AndroidManifest.xml:30:9-40
	android:name
		ADDED from SmartHome\AndroidManifest.xml:26:9-60
activity#com.mu.smarthome.activity.MainActivity
ADDED from SmartHome\AndroidManifest.xml:31:9-42:20
	android:screenOrientation
		ADDED from SmartHome\AndroidManifest.xml:35:13-49
	android:label
		ADDED from SmartHome\AndroidManifest.xml:34:13-45
	android:windowSoftInputMode
		ADDED from SmartHome\AndroidManifest.xml:36:13-72
	android:configChanges
		ADDED from SmartHome\AndroidManifest.xml:33:13-83
	android:name
		ADDED from SmartHome\AndroidManifest.xml:32:13-66
intent-filter#android.intent.action.MAIN+android.intent.category.LAUNCHER
ADDED from SmartHome\AndroidManifest.xml:37:13-41:29
action#android.intent.action.MAIN
ADDED from SmartHome\AndroidManifest.xml:38:17-69
	android:name
		ADDED from SmartHome\AndroidManifest.xml:38:25-66
category#android.intent.category.LAUNCHER
ADDED from SmartHome\AndroidManifest.xml:40:17-77
	android:name
		ADDED from SmartHome\AndroidManifest.xml:40:27-74
activity#com.mu.smarthome.activity.InductorActivity
ADDED from SmartHome\AndroidManifest.xml:43:9-48:20
	android:screenOrientation
		ADDED from SmartHome\AndroidManifest.xml:46:13-49
	android:windowSoftInputMode
		ADDED from SmartHome\AndroidManifest.xml:47:13-85
	android:configChanges
		ADDED from SmartHome\AndroidManifest.xml:45:13-83
	android:name
		ADDED from SmartHome\AndroidManifest.xml:44:13-70
activity#com.mu.smarthome.activity.RoomSetActivity
ADDED from SmartHome\AndroidManifest.xml:49:9-54:20
	android:screenOrientation
		ADDED from SmartHome\AndroidManifest.xml:52:13-49
	android:windowSoftInputMode
		ADDED from SmartHome\AndroidManifest.xml:53:13-85
	android:configChanges
		ADDED from SmartHome\AndroidManifest.xml:51:13-83
	android:name
		ADDED from SmartHome\AndroidManifest.xml:50:13-69
activity#com.mu.smarthome.activity.DeviceSerchActivity
ADDED from SmartHome\AndroidManifest.xml:55:9-60:20
	android:screenOrientation
		ADDED from SmartHome\AndroidManifest.xml:58:13-49
	android:windowSoftInputMode
		ADDED from SmartHome\AndroidManifest.xml:59:13-85
	android:configChanges
		ADDED from SmartHome\AndroidManifest.xml:57:13-83
	android:name
		ADDED from SmartHome\AndroidManifest.xml:56:13-73
activity#com.mu.smarthome.activity.GatewayActivity
ADDED from SmartHome\AndroidManifest.xml:61:9-66:20
	android:screenOrientation
		ADDED from SmartHome\AndroidManifest.xml:64:13-49
	android:windowSoftInputMode
		ADDED from SmartHome\AndroidManifest.xml:65:13-85
	android:configChanges
		ADDED from SmartHome\AndroidManifest.xml:63:13-83
	android:name
		ADDED from SmartHome\AndroidManifest.xml:62:13-69
activity#com.mu.smarthome.activity.DeviceSetActivity
ADDED from SmartHome\AndroidManifest.xml:67:9-72:20
	android:screenOrientation
		ADDED from SmartHome\AndroidManifest.xml:70:13-49
	android:windowSoftInputMode
		ADDED from SmartHome\AndroidManifest.xml:71:13-85
	android:configChanges
		ADDED from SmartHome\AndroidManifest.xml:69:13-83
	android:name
		ADDED from SmartHome\AndroidManifest.xml:68:13-71
meta-data#com.alibaba.app.ossak
ADDED from SmartHome\AndroidManifest.xml:74:9-77:21
	android:value
		ADDED from SmartHome\AndroidManifest.xml:76:13-45
	android:name
		ADDED from SmartHome\AndroidManifest.xml:75:13-49
meta-data#com.alibaba.app.osssk
ADDED from SmartHome\AndroidManifest.xml:78:9-81:21
	android:value
		ADDED from SmartHome\AndroidManifest.xml:80:13-59
	android:name
		ADDED from SmartHome\AndroidManifest.xml:79:13-49
meta-data#com.alibaba.app.ossbucketname
ADDED from SmartHome\AndroidManifest.xml:82:9-85:21
	android:value
		ADDED from SmartHome\AndroidManifest.xml:84:13-37
	android:name
		ADDED from SmartHome\AndroidManifest.xml:83:13-57